c:\users\as\desktop\fakultet\vii semestar\ikp\projekat\[ftn, blok 1] pp – pr10-2018 i pr4-2018, natasa scekic i djurdjica maric, 14\client2\debug\vc142.pdb
c:\users\as\desktop\fakultet\vii semestar\ikp\projekat\[ftn, blok 1] pp – pr10-2018 i pr4-2018, natasa scekic i djurdjica maric, 14\client2\debug\vc142.idb
c:\users\as\desktop\fakultet\vii semestar\ikp\projekat\[ftn, blok 1] pp – pr10-2018 i pr4-2018, natasa scekic i djurdjica maric, 14\client2\debug\client2.obj
d:\fakultet\vii semestar\ikp\projekat\[ftn, blok 1] pp – pr10-2018 i pr4-2018, natasa scekic i djurdjica maric, 14\client2\debug\vc142.pdb
d:\fakultet\vii semestar\ikp\projekat\[ftn, blok 1] pp – pr10-2018 i pr4-2018, natasa scekic i djurdjica maric, 14\client2\debug\vc142.idb
d:\fakultet\vii semestar\ikp\projekat\[ftn, blok 1] pp – pr10-2018 i pr4-2018, natasa scekic i djurdjica maric, 14\client2\debug\client2.obj
c:\users\as\desktop\fakultet\vii semestar\ikp\projekat\[ftn, blok 1] pp – pr10-2018 i pr4-2018, natasa scekic i djurdjica maric, 14\debug\client2.exe
c:\users\as\desktop\fakultet\vii semestar\ikp\projekat\[ftn, blok 1] pp – pr10-2018 i pr4-2018, natasa scekic i djurdjica maric, 14\client2\debug\client2.ilk
c:\users\as\desktop\fakultet\vii semestar\ikp\projekat\[ftn, blok 1] pp – pr10-2018 i pr4-2018, natasa scekic i djurdjica maric, 14\debug\client2.pdb
d:\fakultet\vii semestar\ikp\projekat\[ftn, blok 1] pp – pr10-2018 i pr4-2018, natasa scekic i djurdjica maric, 14\client2\debug\client2.ilk
d:\fakultet\vii semestar\ikp\projekat\[ftn, blok 1] pp – pr10-2018 i pr4-2018, natasa scekic i djurdjica maric, 14\debug\client2.exe
d:\fakultet\vii semestar\ikp\projekat\[ftn, blok 1] pp – pr10-2018 i pr4-2018, natasa scekic i djurdjica maric, 14\debug\client2.pdb
e:\fakultet\vii semestar\ikp\projekat\[ftn, blok 1] pp – pr10-2018 i pr4-2018, natasa scekic i djurdjica maric, 14\client2\debug\client2.obj
e:\fakultet\vii semestar\ikp\projekat\[ftn, blok 1] pp – pr10-2018 i pr4-2018, natasa scekic i djurdjica maric, 14\client2\debug\client2.ilk
e:\fakultet\vii semestar\ikp\projekat\[ftn, blok 1] pp – pr10-2018 i pr4-2018, natasa scekic i djurdjica maric, 14\client2\debug\vc142.idb
e:\fakultet\vii semestar\ikp\projekat\[ftn, blok 1] pp – pr10-2018 i pr4-2018, natasa scekic i djurdjica maric, 14\client2\debug\vc142.pdb
e:\fakultet\vii semestar\ikp\projekat\[ftn, blok 1] pp – pr10-2018 i pr4-2018, natasa scekic i djurdjica maric, 14\debug\client2.pdb
e:\fakultet\vii semestar\ikp\projekat\[ftn, blok 1] pp – pr10-2018 i pr4-2018, natasa scekic i djurdjica maric, 14\debug\client2.exe
e:\fakultet\vii semestar\ikp\projekat\[ftn, blok 1] pp – pr10-2018 i pr4-2018, natasa scekic i djurdjica maric, 14\client2\debug\client2.tlog\cl.command.1.tlog
e:\fakultet\vii semestar\ikp\projekat\[ftn, blok 1] pp – pr10-2018 i pr4-2018, natasa scekic i djurdjica maric, 14\client2\debug\client2.tlog\cl.read.1.tlog
e:\fakultet\vii semestar\ikp\projekat\[ftn, blok 1] pp – pr10-2018 i pr4-2018, natasa scekic i djurdjica maric, 14\client2\debug\client2.tlog\cl.write.1.tlog
e:\fakultet\vii semestar\ikp\projekat\[ftn, blok 1] pp – pr10-2018 i pr4-2018, natasa scekic i djurdjica maric, 14\client2\debug\client2.tlog\link.command.1.tlog
e:\fakultet\vii semestar\ikp\projekat\[ftn, blok 1] pp – pr10-2018 i pr4-2018, natasa scekic i djurdjica maric, 14\client2\debug\client2.tlog\link.read.1.tlog
e:\fakultet\vii semestar\ikp\projekat\[ftn, blok 1] pp – pr10-2018 i pr4-2018, natasa scekic i djurdjica maric, 14\client2\debug\client2.tlog\link.write.1.tlog
