c:\users\as\desktop\fakultet\vii semestar\ikp\projekat\[ftn, blok 1] pp – pr10-2018 i pr4-2018, natasa scekic i djurdjica maric, 14\replicator1\debug\vc142.pdb
c:\users\as\desktop\fakultet\vii semestar\ikp\projekat\[ftn, blok 1] pp – pr10-2018 i pr4-2018, natasa scekic i djurdjica maric, 14\replicator1\debug\vc142.idb
c:\users\as\desktop\fakultet\vii semestar\ikp\projekat\[ftn, blok 1] pp – pr10-2018 i pr4-2018, natasa scekic i djurdjica maric, 14\replicator1\debug\threads.obj
c:\users\as\desktop\fakultet\vii semestar\ikp\projekat\[ftn, blok 1] pp – pr10-2018 i pr4-2018, natasa scekic i djurdjica maric, 14\replicator1\debug\replicator1.obj
d:\fakultet\vii semestar\ikp\projekat\[ftn, blok 1] pp – pr10-2018 i pr4-2018, natasa scekic i djurdjica maric, 14\replicator1\debug\vc142.pdb
d:\fakultet\vii semestar\ikp\projekat\[ftn, blok 1] pp – pr10-2018 i pr4-2018, natasa scekic i djurdjica maric, 14\replicator1\debug\vc142.idb
d:\fakultet\vii semestar\ikp\projekat\[ftn, blok 1] pp – pr10-2018 i pr4-2018, natasa scekic i djurdjica maric, 14\replicator1\debug\threads.obj
d:\fakultet\vii semestar\ikp\projekat\[ftn, blok 1] pp – pr10-2018 i pr4-2018, natasa scekic i djurdjica maric, 14\replicator1\debug\replicator1.obj
e:\fakultet\vii semestar\ikp\projekat\[ftn, blok 1] pp – pr10-2018 i pr4-2018, natasa scekic i djurdjica maric, 14\replicator1\debug\vc142.pdb
e:\fakultet\vii semestar\ikp\projekat\[ftn, blok 1] pp – pr10-2018 i pr4-2018, natasa scekic i djurdjica maric, 14\replicator1\debug\vc142.idb
e:\fakultet\vii semestar\ikp\projekat\[ftn, blok 1] pp – pr10-2018 i pr4-2018, natasa scekic i djurdjica maric, 14\replicator1\debug\threads.obj
e:\fakultet\vii semestar\ikp\projekat\[ftn, blok 1] pp – pr10-2018 i pr4-2018, natasa scekic i djurdjica maric, 14\replicator1\debug\replicator1.obj
c:\users\as\desktop\fakultet\vii semestar\ikp\projekat\[ftn, blok 1] pp – pr10-2018 i pr4-2018, natasa scekic i djurdjica maric, 14\debug\replicator1.exe
c:\users\as\desktop\fakultet\vii semestar\ikp\projekat\[ftn, blok 1] pp – pr10-2018 i pr4-2018, natasa scekic i djurdjica maric, 14\replicator1\debug\replicator1.ilk
c:\users\as\desktop\fakultet\vii semestar\ikp\projekat\[ftn, blok 1] pp – pr10-2018 i pr4-2018, natasa scekic i djurdjica maric, 14\debug\replicator1.pdb
d:\fakultet\vii semestar\ikp\projekat\[ftn, blok 1] pp – pr10-2018 i pr4-2018, natasa scekic i djurdjica maric, 14\replicator1\debug\replicator1.ilk
d:\fakultet\vii semestar\ikp\projekat\[ftn, blok 1] pp – pr10-2018 i pr4-2018, natasa scekic i djurdjica maric, 14\debug\replicator1.exe
d:\fakultet\vii semestar\ikp\projekat\[ftn, blok 1] pp – pr10-2018 i pr4-2018, natasa scekic i djurdjica maric, 14\debug\replicator1.pdb
e:\fakultet\vii semestar\ikp\projekat\[ftn, blok 1] pp – pr10-2018 i pr4-2018, natasa scekic i djurdjica maric, 14\debug\replicator1.exe
e:\fakultet\vii semestar\ikp\projekat\[ftn, blok 1] pp – pr10-2018 i pr4-2018, natasa scekic i djurdjica maric, 14\replicator1\debug\replicator1.ilk
e:\fakultet\vii semestar\ikp\projekat\[ftn, blok 1] pp – pr10-2018 i pr4-2018, natasa scekic i djurdjica maric, 14\debug\replicator1.pdb
e:\fakultet\vii semestar\ikp\projekat\[ftn, blok 1] pp – pr10-2018 i pr4-2018, natasa scekic i djurdjica maric, 14\replicator1\debug\replicator1.tlog\cl.command.1.tlog
e:\fakultet\vii semestar\ikp\projekat\[ftn, blok 1] pp – pr10-2018 i pr4-2018, natasa scekic i djurdjica maric, 14\replicator1\debug\replicator1.tlog\cl.read.1.tlog
e:\fakultet\vii semestar\ikp\projekat\[ftn, blok 1] pp – pr10-2018 i pr4-2018, natasa scekic i djurdjica maric, 14\replicator1\debug\replicator1.tlog\cl.write.1.tlog
e:\fakultet\vii semestar\ikp\projekat\[ftn, blok 1] pp – pr10-2018 i pr4-2018, natasa scekic i djurdjica maric, 14\replicator1\debug\replicator1.tlog\link.command.1.tlog
e:\fakultet\vii semestar\ikp\projekat\[ftn, blok 1] pp – pr10-2018 i pr4-2018, natasa scekic i djurdjica maric, 14\replicator1\debug\replicator1.tlog\link.read.1.tlog
e:\fakultet\vii semestar\ikp\projekat\[ftn, blok 1] pp – pr10-2018 i pr4-2018, natasa scekic i djurdjica maric, 14\replicator1\debug\replicator1.tlog\link.write.1.tlog
