d:\fakultet\vii semestar\ikp\projekat\[ftn, blok 1] pp – pr10-2018 i pr4-2018, natasa scekic i djurdjica maric, 14\common\debug\common.pch
d:\fakultet\vii semestar\ikp\projekat\[ftn, blok 1] pp – pr10-2018 i pr4-2018, natasa scekic i djurdjica maric, 14\debug\common.pdb
d:\fakultet\vii semestar\ikp\projekat\[ftn, blok 1] pp – pr10-2018 i pr4-2018, natasa scekic i djurdjica maric, 14\debug\common.idb
d:\fakultet\vii semestar\ikp\projekat\[ftn, blok 1] pp – pr10-2018 i pr4-2018, natasa scekic i djurdjica maric, 14\common\debug\pch.obj
d:\fakultet\vii semestar\ikp\projekat\[ftn, blok 1] pp – pr10-2018 i pr4-2018, natasa scekic i djurdjica maric, 14\common\debug\queue.obj
d:\fakultet\vii semestar\ikp\projekat\[ftn, blok 1] pp – pr10-2018 i pr4-2018, natasa scekic i djurdjica maric, 14\common\debug\list.obj
d:\fakultet\vii semestar\ikp\projekat\[ftn, blok 1] pp – pr10-2018 i pr4-2018, natasa scekic i djurdjica maric, 14\common\debug\common.obj
e:\fakultet\vii semestar\ikp\projekat\[ftn, blok 1] pp – pr10-2018 i pr4-2018, natasa scekic i djurdjica maric, 14\common\debug\common.pch
e:\fakultet\vii semestar\ikp\projekat\[ftn, blok 1] pp – pr10-2018 i pr4-2018, natasa scekic i djurdjica maric, 14\debug\common.pdb
e:\fakultet\vii semestar\ikp\projekat\[ftn, blok 1] pp – pr10-2018 i pr4-2018, natasa scekic i djurdjica maric, 14\debug\common.idb
e:\fakultet\vii semestar\ikp\projekat\[ftn, blok 1] pp – pr10-2018 i pr4-2018, natasa scekic i djurdjica maric, 14\common\debug\pch.obj
e:\fakultet\vii semestar\ikp\projekat\[ftn, blok 1] pp – pr10-2018 i pr4-2018, natasa scekic i djurdjica maric, 14\common\debug\queue.obj
e:\fakultet\vii semestar\ikp\projekat\[ftn, blok 1] pp – pr10-2018 i pr4-2018, natasa scekic i djurdjica maric, 14\common\debug\list.obj
e:\fakultet\vii semestar\ikp\projekat\[ftn, blok 1] pp – pr10-2018 i pr4-2018, natasa scekic i djurdjica maric, 14\common\debug\common.obj
d:\fakultet\vii semestar\ikp\projekat\[ftn, blok 1] pp – pr10-2018 i pr4-2018, natasa scekic i djurdjica maric, 14\debug\common.lib
e:\fakultet\vii semestar\ikp\projekat\[ftn, blok 1] pp – pr10-2018 i pr4-2018, natasa scekic i djurdjica maric, 14\debug\common.lib
e:\fakultet\vii semestar\ikp\projekat\[ftn, blok 1] pp – pr10-2018 i pr4-2018, natasa scekic i djurdjica maric, 14\common\debug\common.tlog\cl.command.1.tlog
e:\fakultet\vii semestar\ikp\projekat\[ftn, blok 1] pp – pr10-2018 i pr4-2018, natasa scekic i djurdjica maric, 14\common\debug\common.tlog\cl.read.1.tlog
e:\fakultet\vii semestar\ikp\projekat\[ftn, blok 1] pp – pr10-2018 i pr4-2018, natasa scekic i djurdjica maric, 14\common\debug\common.tlog\cl.write.1.tlog
e:\fakultet\vii semestar\ikp\projekat\[ftn, blok 1] pp – pr10-2018 i pr4-2018, natasa scekic i djurdjica maric, 14\common\debug\common.tlog\lib-link.read.1.tlog
e:\fakultet\vii semestar\ikp\projekat\[ftn, blok 1] pp – pr10-2018 i pr4-2018, natasa scekic i djurdjica maric, 14\common\debug\common.tlog\lib-link.write.1.tlog
e:\fakultet\vii semestar\ikp\projekat\[ftn, blok 1] pp – pr10-2018 i pr4-2018, natasa scekic i djurdjica maric, 14\common\debug\common.tlog\lib.command.1.tlog
